2023-03-25T11:37:59.161+05:30  INFO 5759 --- [main] com.example.demo.DemoApplication         : Starting DemoApplication using Java 17.0.5 with PID 5759 (/Users/harshmadhani/Movies/demo/target/classes started by harshmadhani in /Users/harshmadhani/Movies/demo)
2023-03-25T11:37:59.163+05:30  INFO 5759 --- [main] com.example.demo.DemoApplication         : No active profile set, falling back to 1 default profile: "default"
2023-03-25T11:37:59.551+05:30  INFO 5759 --- [main] o.s.b.w.embedded.tomcat.TomcatWebServer  : Tomcat initialized with port(s): 8081 (http)
2023-03-25T11:37:59.555+05:30  INFO 5759 --- [main] o.apache.catalina.core.StandardService   : Starting service [Tomcat]
2023-03-25T11:37:59.555+05:30  INFO 5759 --- [main] o.apache.catalina.core.StandardEngine    : Starting Servlet engine: [Apache Tomcat/10.1.7]
2023-03-25T11:37:59.597+05:30  INFO 5759 --- [main] o.a.c.c.C.[Tomcat].[localhost].[/]       : Initializing Spring embedded WebApplicationContext
2023-03-25T11:37:59.597+05:30  INFO 5759 --- [main] w.s.c.ServletWebServerApplicationContext : Root WebApplicationContext: initialization completed in 413 ms
2023-03-25T11:37:59.752+05:30  INFO 5759 --- [main] o.s.b.w.embedded.tomcat.TomcatWebServer  : Tomcat started on port(s): 8081 (http) with context path ''
2023-03-25T11:37:59.757+05:30  INFO 5759 --- [main] com.example.demo.DemoApplication         : Started DemoApplication in 0.787 seconds (process running for 0.956)
2023-03-25T11:38:03.253+05:30  INFO 5759 --- [http-nio-8081-exec-1] o.a.c.c.C.[Tomcat].[localhost].[/]       : Initializing Spring DispatcherServlet 'dispatcherServlet'
2023-03-25T11:38:03.253+05:30  INFO 5759 --- [http-nio-8081-exec-1] o.s.web.servlet.DispatcherServlet        : Initializing Servlet 'dispatcherServlet'
2023-03-25T11:38:03.254+05:30  INFO 5759 --- [http-nio-8081-exec-1] o.s.web.servlet.DispatcherServlet        : Completed initialization in 1 ms
2023-03-25T11:49:44.167+05:30  INFO 6455 --- [main] com.example.demo.DemoApplication         : Starting DemoApplication using Java 17.0.5 with PID 6455 (/Users/harshmadhani/Movies/demo/target/classes started by harshmadhani in /Users/harshmadhani/Movies/demo)
2023-03-25T11:49:44.169+05:30  INFO 6455 --- [main] com.example.demo.DemoApplication         : No active profile set, falling back to 1 default profile: "default"
2023-03-25T11:49:44.608+05:30  INFO 6455 --- [main] o.s.b.w.embedded.tomcat.TomcatWebServer  : Tomcat initialized with port(s): 8081 (http)
2023-03-25T11:49:44.613+05:30  INFO 6455 --- [main] o.apache.catalina.core.StandardService   : Starting service [Tomcat]
2023-03-25T11:49:44.614+05:30  INFO 6455 --- [main] o.apache.catalina.core.StandardEngine    : Starting Servlet engine: [Apache Tomcat/10.1.7]
2023-03-25T11:49:44.662+05:30  INFO 6455 --- [main] o.a.c.c.C.[Tomcat].[localhost].[/]       : Initializing Spring embedded WebApplicationContext
2023-03-25T11:49:44.662+05:30  INFO 6455 --- [main] w.s.c.ServletWebServerApplicationContext : Root WebApplicationContext: initialization completed in 469 ms
2023-03-25T11:49:44.838+05:30  INFO 6455 --- [main] o.s.b.w.embedded.tomcat.TomcatWebServer  : Tomcat started on port(s): 8081 (http) with context path ''
2023-03-25T11:49:44.844+05:30  INFO 6455 --- [main] com.example.demo.DemoApplication         : Started DemoApplication in 0.883 seconds (process running for 1.072)
2023-03-25T11:49:49.607+05:30  INFO 6455 --- [http-nio-8081-exec-1] o.a.c.c.C.[Tomcat].[localhost].[/]       : Initializing Spring DispatcherServlet 'dispatcherServlet'
2023-03-25T11:49:49.607+05:30  INFO 6455 --- [http-nio-8081-exec-1] o.s.web.servlet.DispatcherServlet        : Initializing Servlet 'dispatcherServlet'
2023-03-25T11:49:49.608+05:30  INFO 6455 --- [http-nio-8081-exec-1] o.s.web.servlet.DispatcherServlet        : Completed initialization in 0 ms
2023-03-25T11:52:10.336+05:30  INFO 6728 --- [main] com.example.demo.DemoApplication         : Starting DemoApplication using Java 17.0.5 with PID 6728 (/Users/harshmadhani/Movies/demo/target/classes started by harshmadhani in /Users/harshmadhani/Movies/demo)
2023-03-25T11:52:10.338+05:30  INFO 6728 --- [main] com.example.demo.DemoApplication         : No active profile set, falling back to 1 default profile: "default"
2023-03-25T11:52:10.774+05:30  INFO 6728 --- [main] o.s.b.w.embedded.tomcat.TomcatWebServer  : Tomcat initialized with port(s): 8081 (http)
2023-03-25T11:52:10.778+05:30  INFO 6728 --- [main] o.apache.catalina.core.StandardService   : Starting service [Tomcat]
2023-03-25T11:52:10.779+05:30  INFO 6728 --- [main] o.apache.catalina.core.StandardEngine    : Starting Servlet engine: [Apache Tomcat/10.1.7]
2023-03-25T11:52:10.826+05:30  INFO 6728 --- [main] o.a.c.c.C.[Tomcat].[localhost].[/]       : Initializing Spring embedded WebApplicationContext
2023-03-25T11:52:10.829+05:30  INFO 6728 --- [main] w.s.c.ServletWebServerApplicationContext : Root WebApplicationContext: initialization completed in 467 ms
2023-03-25T11:52:10.998+05:30  INFO 6728 --- [main] o.s.b.w.embedded.tomcat.TomcatWebServer  : Tomcat started on port(s): 8081 (http) with context path ''
2023-03-25T11:52:11.004+05:30  INFO 6728 --- [main] com.example.demo.DemoApplication         : Started DemoApplication in 0.89 seconds (process running for 1.09)
2023-03-25T11:52:11.117+05:30  INFO 6728 --- [http-nio-8081-exec-1] o.a.c.c.C.[Tomcat].[localhost].[/]       : Initializing Spring DispatcherServlet 'dispatcherServlet'
2023-03-25T11:52:11.118+05:30  INFO 6728 --- [http-nio-8081-exec-1] o.s.web.servlet.DispatcherServlet        : Initializing Servlet 'dispatcherServlet'
2023-03-25T11:52:11.118+05:30  INFO 6728 --- [http-nio-8081-exec-1] o.s.web.servlet.DispatcherServlet        : Completed initialization in 0 ms
2023-03-25T11:56:50.733+05:30  INFO 7027 --- [main] com.example.demo.DemoApplication         : Starting DemoApplication using Java 17.0.5 with PID 7027 (/Users/harshmadhani/Movies/demo/target/classes started by harshmadhani in /Users/harshmadhani/Movies/demo)
2023-03-25T11:56:50.735+05:30  INFO 7027 --- [main] com.example.demo.DemoApplication         : No active profile set, falling back to 1 default profile: "default"
2023-03-25T11:56:51.209+05:30  INFO 7027 --- [main] o.s.b.w.embedded.tomcat.TomcatWebServer  : Tomcat initialized with port(s): 8081 (http)
2023-03-25T11:56:51.214+05:30  INFO 7027 --- [main] o.apache.catalina.core.StandardService   : Starting service [Tomcat]
2023-03-25T11:56:51.214+05:30  INFO 7027 --- [main] o.apache.catalina.core.StandardEngine    : Starting Servlet engine: [Apache Tomcat/10.1.7]
2023-03-25T11:56:51.262+05:30  INFO 7027 --- [main] o.a.c.c.C.[Tomcat].[localhost].[/]       : Initializing Spring embedded WebApplicationContext
2023-03-25T11:56:51.263+05:30  INFO 7027 --- [main] w.s.c.ServletWebServerApplicationContext : Root WebApplicationContext: initialization completed in 502 ms
2023-03-25T11:56:51.465+05:30  INFO 7027 --- [main] o.s.b.w.embedded.tomcat.TomcatWebServer  : Tomcat started on port(s): 8081 (http) with context path ''
2023-03-25T11:56:51.471+05:30  INFO 7027 --- [main] com.example.demo.DemoApplication         : Started DemoApplication in 0.96 seconds (process running for 1.15)
2023-03-25T11:57:05.745+05:30  INFO 7027 --- [http-nio-8081-exec-1] o.a.c.c.C.[Tomcat].[localhost].[/]       : Initializing Spring DispatcherServlet 'dispatcherServlet'
2023-03-25T11:57:05.745+05:30  INFO 7027 --- [http-nio-8081-exec-1] o.s.web.servlet.DispatcherServlet        : Initializing Servlet 'dispatcherServlet'
2023-03-25T11:57:05.746+05:30  INFO 7027 --- [http-nio-8081-exec-1] o.s.web.servlet.DispatcherServlet        : Completed initialization in 1 ms
2023-03-25T11:57:36.223+05:30  INFO 7077 --- [main] com.example.demo.DemoApplication         : Starting DemoApplication using Java 17.0.5 with PID 7077 (/Users/harshmadhani/Movies/demo/target/classes started by harshmadhani in /Users/harshmadhani/Movies/demo)
2023-03-25T11:57:36.225+05:30  INFO 7077 --- [main] com.example.demo.DemoApplication         : No active profile set, falling back to 1 default profile: "default"
2023-03-25T11:57:36.682+05:30  INFO 7077 --- [main] o.s.b.w.embedded.tomcat.TomcatWebServer  : Tomcat initialized with port(s): 8082 (http)
2023-03-25T11:57:36.687+05:30  INFO 7077 --- [main] o.apache.catalina.core.StandardService   : Starting service [Tomcat]
2023-03-25T11:57:36.687+05:30  INFO 7077 --- [main] o.apache.catalina.core.StandardEngine    : Starting Servlet engine: [Apache Tomcat/10.1.7]
2023-03-25T11:57:36.742+05:30  INFO 7077 --- [main] o.a.c.c.C.[Tomcat].[localhost].[/]       : Initializing Spring embedded WebApplicationContext
2023-03-25T11:57:36.742+05:30  INFO 7077 --- [main] w.s.c.ServletWebServerApplicationContext : Root WebApplicationContext: initialization completed in 493 ms
2023-03-25T11:57:36.967+05:30  INFO 7077 --- [main] o.s.b.w.embedded.tomcat.TomcatWebServer  : Tomcat started on port(s): 8082 (http) with context path ''
2023-03-25T11:57:36.974+05:30  INFO 7077 --- [main] com.example.demo.DemoApplication         : Started DemoApplication in 0.976 seconds (process running for 1.166)
2023-03-25T11:57:43.556+05:30  INFO 7077 --- [http-nio-8082-exec-1] o.a.c.c.C.[Tomcat].[localhost].[/]       : Initializing Spring DispatcherServlet 'dispatcherServlet'
2023-03-25T11:57:43.557+05:30  INFO 7077 --- [http-nio-8082-exec-1] o.s.web.servlet.DispatcherServlet        : Initializing Servlet 'dispatcherServlet'
2023-03-25T11:57:43.557+05:30  INFO 7077 --- [http-nio-8082-exec-1] o.s.web.servlet.DispatcherServlet        : Completed initialization in 0 ms
2023-03-25T12:01:43.724+05:30  INFO 7579 --- [main] com.example.demo.DemoApplication         : Starting DemoApplication using Java 17.0.5 with PID 7579 (/Users/harshmadhani/Movies/demo/target/classes started by harshmadhani in /Users/harshmadhani/Movies/demo)
2023-03-25T12:01:43.727+05:30  INFO 7579 --- [main] com.example.demo.DemoApplication         : No active profile set, falling back to 1 default profile: "default"
2023-03-25T12:01:44.124+05:30  INFO 7579 --- [main] o.s.b.w.embedded.tomcat.TomcatWebServer  : Tomcat initialized with port(s): 8082 (http)
2023-03-25T12:01:44.128+05:30  INFO 7579 --- [main] o.apache.catalina.core.StandardService   : Starting service [Tomcat]
2023-03-25T12:01:44.129+05:30  INFO 7579 --- [main] o.apache.catalina.core.StandardEngine    : Starting Servlet engine: [Apache Tomcat/10.1.7]
2023-03-25T12:01:44.168+05:30  INFO 7579 --- [main] o.a.c.c.C.[Tomcat].[localhost].[/]       : Initializing Spring embedded WebApplicationContext
2023-03-25T12:01:44.169+05:30  INFO 7579 --- [main] w.s.c.ServletWebServerApplicationContext : Root WebApplicationContext: initialization completed in 421 ms
2023-03-25T12:01:44.327+05:30  INFO 7579 --- [main] o.s.b.w.embedded.tomcat.TomcatWebServer  : Tomcat started on port(s): 8082 (http) with context path ''
2023-03-25T12:01:44.333+05:30  INFO 7579 --- [main] com.example.demo.DemoApplication         : Started DemoApplication in 0.8 seconds (process running for 0.975)
2023-03-25T12:12:01.257+05:30  INFO 7579 --- [http-nio-8082-exec-1] o.a.c.c.C.[Tomcat].[localhost].[/]       : Initializing Spring DispatcherServlet 'dispatcherServlet'
2023-03-25T12:12:01.257+05:30  INFO 7579 --- [http-nio-8082-exec-1] o.s.web.servlet.DispatcherServlet        : Initializing Servlet 'dispatcherServlet'
2023-03-25T12:12:01.258+05:30  INFO 7579 --- [http-nio-8082-exec-1] o.s.web.servlet.DispatcherServlet        : Completed initialization in 1 ms
